<?xml version="1.0" encoding="UTF-8"?>
<!-- Generated by org.testng.reporters.JUnitXMLReporter -->
<testsuite hostname="VER-LT-006" name="Test" tests="5" failures="0" timestamp="4 Aug 2017 09:34:07 GMT" time="0.047" errors="0">
  <testcase name="addition" time="0.015" classname="olpack.Texample"/>
  <testcase name="Multiplication" time="0.0" classname="olpack.Texample"/>
  <testcase name="substraction" time="0.0" classname="olpack.Texample"/>
  <testcase name="modularDivision" time="0.0" classname="olpack.Texample"/>
  <testcase name="tables" time="0.016" classname="olpack.Texample"/>
</testsuite> <!-- Test -->
