<?xml version="1.0" encoding="UTF-8"?>
<testng-results skipped="0" failed="0" total="5" passed="5">
  <reporter-output>
    <line>
      <![CDATA[Sum of 10 & 12 : 22]]>
    </line>
    <line>
      <![CDATA[Product of 10 & 12 : 120]]>
    </line>
    <line>
      <![CDATA[Difference of 40 & 12 : 28]]>
    </line>
    <line>
      <![CDATA[Modular Division of 10 & 2 : 0]]>
    </line>
  </reporter-output>
  <suite name="Suite" duration-ms="47" started-at="2017-08-04T09:34:07Z" finished-at="2017-08-04T09:34:07Z">
    <groups>
    </groups>
    <test name="Test" duration-ms="47" started-at="2017-08-04T09:34:07Z" finished-at="2017-08-04T09:34:07Z">
      <class name="olpack.Texample">
        <test-method status="PASS" signature="addition()[pri:0, instance:olpack.Texample@8a9f61]" name="addition" duration-ms="15" started-at="2017-08-04T15:04:07Z" finished-at="2017-08-04T15:04:07Z">
          <reporter-output>
            <line>
              <![CDATA[Sum of 10 & 12 : 22]]>
            </line>
          </reporter-output>
        </test-method> <!-- addition -->
        <test-method status="PASS" signature="substraction()[pri:3, instance:olpack.Texample@8a9f61]" name="substraction" duration-ms="0" started-at="2017-08-04T15:04:07Z" finished-at="2017-08-04T15:04:07Z">
          <reporter-output>
            <line>
              <![CDATA[Difference of 40 & 12 : 28]]>
            </line>
          </reporter-output>
        </test-method> <!-- substraction -->
        <test-method status="PASS" signature="modularDivision()[pri:4, instance:olpack.Texample@8a9f61]" name="modularDivision" duration-ms="0" started-at="2017-08-04T15:04:07Z" finished-at="2017-08-04T15:04:07Z">
          <reporter-output>
            <line>
              <![CDATA[Modular Division of 10 & 2 : 0]]>
            </line>
          </reporter-output>
        </test-method> <!-- modularDivision -->
        <test-method status="PASS" signature="tables()[pri:5, instance:olpack.Texample@8a9f61]" name="tables" duration-ms="16" started-at="2017-08-04T15:04:07Z" finished-at="2017-08-04T15:04:07Z">
          <reporter-output>
          </reporter-output>
        </test-method> <!-- tables -->
        <test-method status="PASS" signature="Multiplication()[pri:2, instance:olpack.Texample@8a9f61]" name="Multiplication" duration-ms="0" started-at="2017-08-04T15:04:07Z" finished-at="2017-08-04T15:04:07Z">
          <reporter-output>
            <line>
              <![CDATA[Product of 10 & 12 : 120]]>
            </line>
          </reporter-output>
        </test-method> <!-- Multiplication -->
      </class> <!-- olpack.Texample -->
    </test> <!-- Test -->
  </suite> <!-- Suite -->
</testng-results>
